[    0.000000] Initializing cgroup subsys cpuset
[    0.000000] Initializing cgroup subsys cpu
[    0.000000] Initializing cgroup subsys cpuacct
[    0.000000] Linux version 4.4.0-98-generic (buildd@lcy01-03) (gcc version 5.4.0 20160609 (Ubuntu 5.4.0-6ubuntu1~16.04.4) ) #121-Ubunt  SMP Tue Oct 10 14:24:03 UTC 2017 (Ubuntu 4.4.0-98.121-generic 4.4.90)
[    0.000000] Command line: BOOT_MMAG==boot/vmlinuz-4.4.0-98-generic root=UUID=84d20c11-4770-4dae-ad2d-6e40200f6f98 ro console=tty1 console=ttyS0
[    0.000000  EERNEL supported cpus:
[    0.000000]   Intel GenuineIntel
[   00000000]   AMD AuthenticAMD
[    0.000000]   Centaur CentaurHauls
[    0.000000] x86/fpu: xstate_offset[2]:  576, xstate_sizes[2]:  256
[    0.000000] x86/fpu: Supporting XSAVE feature 0x01: 'x87 floating point registers'
[    0.000000] x86/fpu: Supporting XSAVE feature 0x02: 'SSE regiseess
[    0.00000]]xx6/fpu: uupprriing XSAVE feature 0x04: 'AVX registers'
[    0.000000] x86/fpu: Enabled xstate features 0x7, context size is 832 bytes, using 'standard' format.
[    0.000000] x86/fpu: Using 'lazy' FPU context switches.
[    0.000000] e820: BIOS-provided physical RAM map:
[    0.000000] BIOS-e820: [mem 0x0000000000000000-0x000000000009fbff] usable
[    0.000000] BIOS-e820: [mem 0x000000000009fc00-0x000000000009ffff] reserved
[    0.000000] BIOS-e820: [mem 0x00000000000f0000-0x00000000000fffff] reserved
[    0.000000] BIOS-e820: [mem 0x0000000000100000-0x000000007ffeffff] usable
[    0.000000] BIOS-e820: [mem 0x000000007fff0000-0x000000007fffffff  ACPI data
[    0.000000] BIOS-e820: [mem 0x00000000fec00000-0x00000000fec00fff] reserved
[    0.000000] BIOS-e820: [mem 0x00000000fee00000-0x00000000fee00fff] reserved
[    0.000000] BIOS-e820: [mem 0x00000000fffc0000-0x00000000ffffffff] reserved
[    0.000000] NX (Execute Disable) protection: active
[    0.000000] SMBIOS 2.5 present.
[    0.000000] Hypervisor detected: KVM
[    0.000000] e820: last_pfn = 0x7fff0 max_arch_pfn = 0x400000000
[    0.000000] MTRR: Disabled
[    0.000000] x86/PAT: MTRRs disabled, skipping PAT initialization too.
[    0.000000] CPU MTRRs all blank - virtualized system.
[    0.000000] x86/PAT: Configuration [0-7]: WB  WT  UC- UC  WB  WT  UC- UC  
[    0.000000] found SMP MP-table at [mem 0x0009fff0-0x0009ffff] mapped at [ffff88000009fff0]
[    0.000000] Scanning 1 areas for low memory corruption
[    0.000000] RAMDISK: [mem 0x36230000-0x3710ffff]
[    0.000000] ACPI: Early table checksum verification disabled
[    0.000000] ACPI: RSDP 0x00000000000E0000 000024 (v02 VBOX  )
[    0.000000] ACPI: XSDT 0x000000007FFF0030 00003C (v01 VBOX   VBOXXSDT 00000001 ASL  00000061)
[    0.000000] ACPI: FACP 0x000000007FFF00F0 0000F4 (v04 VBOX   VBOXFACP 00000001 ASL  00000061)
[    0.000000] ACPI: DSDT 0x00000000FFFF4470 0021FF (v02 VBOX   VBOXBIOS 0000000 INTL 20160108)
[    0.000000] ACPI: FACS 0x000000007FFF020  00000
[    0.000000] ACP::FFCC 0x000000007FFF0200 000040

    0.000000 ACPI: APIC 0x000000007FFF0240 000054 (v02VVOO    BBXXPPC 00000011AASL  00000061)
[    0.000000] ACPI: SSDT 0x000000007FFF02A0 0001CC (v01 VBOX   VBOXCPUT 00000002 INTL 20160108)
[    0.000000] No NUMA oonfiguration found

[    0.000000] Faking a node at [mem 0x00000000000000000x00000007fffffff]
[   00000000] OOEEDATA(0)aallccttdd[[ee 077ffeb000-0x7ffeffff]
[   00000000]] kvm-clock: Usin  ssss4b564d01 and 4b564d00
[    0.000000] kvm-clock: cpu 0, msr 0:7ffe3001, primary cpu clock
[    0.00000]]kkmmclock: using sched offset of 3042348217 cycles
[    0.000000] clocksource: kvm-clock: mask: 0xffffffffffffffff max_cycles: 0x1cd42e4dffb, max_idle_ns: 881590591483 ns
[    0.000000] Zone range::

    0.000000    MM       [mem 0x0000000000000000000000000000ffffff]
[    0.000000]   DMA32    [mem 0x0000000001000000-0x000000007ffeffff]
[   00000000    oommll   empty
[    0.000000]   Device   empty
[    0.000000] Movable zone ttrr  oo  eachnnde

[   00000000  aall mmmrr  oderrnnee
[    0.00000]]  oode   0  mmmm0x0000000000000000000000000009eff]]

     0.000000   node   0: [mem 0x0000000000100000-x000000077ffffff]
[   00000000] nnttee  eeuu  ode 0 [ee  xx0000000000001000000000000077ffffff]]

[    0.000000  CCI:PP--iiee I  oott  xx0088
[    0.000000] IOAPIC[0]: aii__dd1, vrriinn32  ddrrss 0ffec00000, GSI 0-23
[    0.000000] ACPI: INT_SRC_OVR (bus 0 bus_irq   global_irq 2 dfl dfl)
[    0.000000 ACPI: INT_SCCOORR(bus 0 bus_irq   llbbl_ir    iihhllvvll
[    0.000000] Using ACPI (MADT) for SMP configuration information
[    0.000000] smpboot: Allowing 1 CPUs, 0 hotplug CPUs
[    0.000000] PM: Registered nosave memory: [mem 0x00000000-0x00000fff]
[    0.000000] PM: Registered nosave memory: [mem 0x0009f000-0x0009ffff]
[    0.000000] PM: Registered nosave memory: [mem 0x000a0000-0x000effff]
[    0.000000] PM: Registered nosave memory: [mem 0x000f0000-0x000fffff]
[    0.000000] e820: [mem 0x80000000-0xfebfffff] available for PCI devices
[    0.000000] Booting paravirtualized kernel on KVM
[    0.000000] clocksource: refined-jiffies: mask: 0xffffffff max_cycles: 0xffffffff, max_idle_ns: 7645519600211568 ns
[    0.000000] setup_percpu: NR_CPUS:512 nr_cpumask_bits:512 nr_cpu_ids:1 nr_node_ids:1
[    0.000000] PERCPU: Embedded 34 pages/cpu @ffff88007fc00000 s98328 r8192 d32744 u2097152
[    0.000000] PV qspinlock hash table entries: 256 (order: 0, 4096 bytes)
[    0.000000] Built 1 zonelists in Node order, mobility grouping on.  Total pages: 515961
[    0.000000] Policy zone: DMA32
[    0.000000] Kernel command line: BOOT_IMAGE=/boot/vmlinuz-4.4.0-98-generic root=UUID=84d20c1144770-4dae-ad2d-6e40200f6f98 ro console=tty1 console=ttyS0
[    0.000000] PID hash table entries: 4096 (order: 3, 32768 bytes)
[    0.000000] Memory: 2029660K/2096696K available (8484K kernel code, 1294K rwdata, 3988K rodata, 1492K init,1111KKbbss, 77036K eeeevvd,00K mm--eeeevvdd
[    ..0000]]SSUU: HWalgg==44  rree==0-3,MMnnbbeett==,,CCUUs=1, Nodes=
[    0.000000] Hierarchical RCU implementation.
[    0.000000] 	Build-time adjustment of leaf fanout to 64.
[    0.000000] 	RCU restricting CPUs from NR_CPUS=512 to nr_cpu_ids=1.
[    0.000000] RCU: Adjusting geometry for rcu_fanout_leaf=64, nr_cpu_ids=1
[    0.000000] NR_IRQS:33024 nr_irqs:256 16
[    0.000000] Console: colour VGA+ 80x25
[    0.000000] console [tty1] enabled
[    0.000000] console [ttyS0  enabled
[    0.000000] tsc: Detected 2594.106 MHz processor
[    5.750919] Calibrating delay loop (skipped) preset value.. 5188.21 BogoMIPS (lpj=10376424)
[    5.752729] pid_max: default: 32768 minimum: 301
[    5.753654] ACPI: Core revision 20150930
[    5.755381] ACPI: 2 ACPI AML tables successfully acquired and loaded
[    5.756764] Security Framework initialized
[    5.757600] Yama: becoming mindful.
[    5.758406] AppArmor: AppArmor initialized
[    5.759819] Dentry cache hash table entries: 262144 (order: 9, 2097152 bytes)
[    5.766009] Inode-cache hash table entries: 131072 (order: 8, 1048576 bytes)
[    5.770838] Mount-cache hash table entries: 4096 (order: 3, 32768 bytes)
[    5.772142] Mountpoint-cache hash table entries: 4096 (order: 3, 32768 bytes)
[    5.779315] Initializing cgroup subsys io
[    5.780176] Initializing cgroup subsys memory
[    5.783810] Initializing cgroup subsys devices
[    5.784760] Initializing cgroup subsys freezer
[    5.785713] Initializing cgroup subsys net_cls
[    5.786635] Initializing cgroup subsys perf_event
[    5.787572] Initializing cgroup subsys net_prio
[    5.788533] Initializing cgroup subsys hugetlb
[    5.804985] Initializing cgroup subsys pids
[    5.806050] CPU: Physical Processor ID: 0
[    5.807193] mce: CPU supports 0 MCE banks
[    5.808030] process: using mwait in idle threads
[    5.809036] Last level iTLB entries: 4KB 512, 2MB 8, 4MB 8
[    5.810244] Last level dTLB entries: 4KB 512, 2MB 32, 4MB 32, 1GB 0
[    5.832887] Freeing SMP alternatives memory: 32K
[    5.848617] ftrace: allocating 32154 entries in 126 pages
[    5.898664] smpboot: APIC(0) Converting physical 0 to logical package 0
[    5.910521] smpboot: Max logical packages: 1
[    5.911795] x2apic enabled
[    5.914933] Switched APIC routing to physical x2apic.
[    5.916925] ..TIMER: vector=0x30 apic1=0 pin1=2 apic2=-1 pin2=-1
[    6.026055] smpboot: CPU0: Intel(R) Core(TM) i5-3320M CPU @ 2.60GHz (family: 0x6, model: 0x3a, stepping: 0x9)
[    6.051237] Performance Events: unsupported p6 CPU model 58 no PMU driver, software events only.
[    6.053166] KVM setup paravirtual spinlock
[    6.054612] x86: Booted up 1 node, 1 CPUs
[    6.060047] smpboot: Total of 1 processors activated (5188.21 BogoMIPS)
[    6.061531] devtmpfs: initialized
[    6.064425] evm: security.selinux
[    6.066759] evm: security.SMACK64
[    6.067475] evm: security.SMACK64EXEC
[    6.068241] evm: security.SMACK64TRANSMUTE
[    6.079984] evm: security.SMACK64MMAP
[    6.080813] evm: security.ima
[    6.081494] evm: security.capability
[    6.082436] clocksource: jiffies: mask: 0xffffffff max_cycles: 0xffffffff, max_idle_ns: 7645041785100000 ns
[    6.084318] futex hash table entries: 256 (order: 2, 16384 bytes)
[    6.087203] pinctrl core: initialized pinctrl subsystem
[    6.088345] RTC time: 22:32:51, date: 02/05/18
[    6.089432] NET: Registered protocol family 16
[    6.090476] cpuidle: using governor ladder
[    6.091363] cpuidle: using governor menu
[    6.092181] PCCT header not found.
[    6.093000] ACPI: bus type PCI registered
[    6.093826] acpiphp: ACPI Hot Plug PCI Controller Driver version: 0.5
[    6.095140] PCI: Using configuration type 1 for base access
[    6.111174] ACPI: Added _OSI(Module Device)
[    6.116296] ACPI: Added _OSI(Processor Device)
[    6.117211] ACPI: Added _OSI(3.0 _SCP Extensions)
[    6.118155] ACPI: Added _OSI(Processor Aggregator Device)
[    6.130380] ACPI: Executed 1 blocks of module-level executable AML code
[    6.133260] ACPI: Interpreter enabled
[    6.135399] ACPI: (supports S0 S5)
[    6.139831] ACPI: Using IOAPIC for interrupt routing
[    6.141004] PCI: Using host bridge windows from ACPI; if necessary, use "pci=nocrs" and report a bug
[    6.145750] ACPI: PCI Root Bridge [PCI0] (domain 0000 [bus 00-ff])
[    6.150409] acpi PNP0A03:00: _OSC: OS supports [ASPM ClockPM Segments MSI]
[    6.151690] acpi PNP0A03:00: _OSC: not requesting OS control; OS requires [ExtendedConfig ASPM ClockPM MSI]
[    6.156940] acpi PNP0A03:00: fail to add MMCONFIG information, can't access extended PCI configuration space under this bridge.
[    6.159343] PCI host bridge to bus 0000:00
[    6.160187] pci_bus 0000:00: root bus resource [io  0x0000-0x0cf7 window]
[    6.174280] pci_bus 0000:00: root bus resource [io  0x0d00-0xffff window]
[    6.175520] pci_bus 0000:00: root bus resource [mem 0x000a0000-0x000bffff window]
[    6.177077] pci_bus 0000:00: root bus resource [mem 0x80000000-0xffdfffff window]
[    6.178613] pci_bus 0000:00: root bus resource [bus 00-ff]
[    6.180968] pci 0000:00:01.1: legacy IDE quirk: reg 0x10: [io  0x01f0-0x01f7]
[    6.183651] pci 0000:00:01.1: legacy IDE quirk: reg 0x14: [io  0x03f6]
[    6.184863] pci 0000:00:01.1: legacy IDE quirk: reg 0x18: [io  0x0170-0x0177]
[    6.191583] pci 0000:00:01.1: legacy IDE quirk: reg 0x1c: [io  0x0376]
[    6.218346] pci 0000:00:07.0: quirk: [io  0x4000-0x403f] claimed by PIIX4 ACPI
[    6.230299] pci 0000:00:07.0: quirk: [io  0x4100-0x410f] claimed by PIIX4 SMB
[    6.247959] ACPI: PCI Interrupt Link [LNKA] (IRQs 5 9 10 *11)
[    6.260920] ACPI: PCI Interrupt Link [LNKB] (IRQs 5 9 10 *11)
[    6.262477] ACPI: PCI Interrupt Link [LNKC] (IRQs 5 9 *10 11)
[    6.272596] ACPI: PCI Interrupt Link [LNKD] (IRQs 5 *9 10 11)
[    6.288058] ACPI: Enabled 2 GPEs in block 00 to 07
[    6.290815] vgaarb: setting as boot device: PCI:0000:00:02.0
[    6.291894] vgaarb: device added: PCI:0000:00:02.0,decodes=io+mem,owns=io+mem,locks=none
[    6.293494] vgaarb: loaded
[    6.294120] vgaarb: bridge control possible 0000:00:02.0
[    6.295402] SCSI subsystem initialized
[    6.296758] ACPI: bus type USB registered
[    6.299904] usbcore: registered new interface driver usbfs
[    6.316140] usbcore: registered new interface driver hub
[    6.329842] usbcore: registered new device driver usb
[    6.331028] PCI: Using ACPI for IRQ routing
[    6.332139] NetLabel: Initializing
[    6.332901] NetLabel:  domain hash size = 128
[    6.333778] NetLabel:  protocols = UNLABELED CIPSOv4
[    6.334787] NetLabel:  unlabeled traffic allowed by default
[    6.345029] amd_nb: Cannot enumerate AMD northbridges
[    6.346039] clocksource: Switched to clocksource kvm-clock
[    6.353671] AppArmor: AppArmor Filesystem Enabled
[    6.370283] pnp: PnP ACPI init
[    6.371696] pnp: PnP ACPI: found 3 devices
[    6.382376] clocksource: acpi_pm: mask: 0xffffff max_cycles: 0xffffff, max_idle_ns: 2085701024 ns
[    6.390612] NET: Registered protocol family 2
[    6.391653] TCP established hash table entries: 16384 (order: 5, 131072 bytes)
[    6.393184] TCP bind hash table entries: 16384 (order: 6, 262144 bytes)
[    6.394444] TCP: Hash tables configured (established 16384 bind 16384)
[    6.395661] UDP hash table entries: 1024 (order: 3, 32768 bytes)
[    6.396792] UDP-Lite hash table entries: 1024 (order: 3, 32768 bytes)
[    6.398008] NET: Registered protocol family 1
[    6.398936] pci 0000:00:00.0: Limiting direct PCI/PCI transfers
[    6.400111] pci 0000:00:01.0: Activating ISA DMA hang workarounds
[    6.401382] Unpacking initramfs...
[    6.613844] Freeing initrd memory: 15232K
[    6.630175] RAPL PMU detected, API unit is 2^-32 Joules, 3 fixed counters 10737418240 ms ovfl timer
[    6.631956] hw unit of domain pp0-core 2^-0 Joules
[    6.632923] hw unit of domain package 2^-0 Joules
[    6.633843] hw unit of domain pp1-gpu 2^-0 Joules
[    6.634861] platform rtc_cmos: registered platform RTC device (no PNP device found)
[    6.650752] Scanning for low memory corruption every 60 seconds
[    6.652191] audit: initializing netlink subsys (disabled)
[    6.656439] addit: type=2000 audit(1517869970.253:1): initialized
[    6.690499] Initialise system trusted keyring
[    6.697576] HugeTLB registered 2 MB page size, pre-allocated 0 pages
[    6.699899] zbud: loaded
[    6.704437] VFS: Disk quotas dquot_6.6.0
[    6.705320] VFS: Dquot-cache hash table entries: 512 (order 0, 4096 bytes)
[    6.706847] squashfs: version 4.0 (2009/01/31) Phillip Lougher
[    6.708166] fuse init (API version 7.23)
[    6.709134] Key type big_key registered
[    6.710043] Allocating IMA MOK and blacklist keyrings.
[    6.711297] Key type asymmetric registered
[    6.712146] Asymmetric key parser 'x509' registered
[    6.713152] Block layer SCSI generic (bsg) driver version 0.4 loaded (major 249)
[    6.714734] io scheduler noop registered
[    6.715553] io scheduler deadline registered (default)
[    6.716578] io scheduler cfq registered
[    6.729902] pci_hotplug: PCI Hot Plug PCI Core version: 0.5
[    6.740504] pciehp: PCI Express Hot Plug Controller Driver version: 0.4
[    6.744386] ACPI: AC Adapter [AC] (on-line)
[    6.748374] input: Power Button as /devices/LNXSYSTM:00/LNXPWRBN:00/input/input0
[    6.800577] ACPI: Power Button [PWRF]
[    6.829741] input: Sleep Button as /devices/LNXSYSTM:00/LNXSLPBN:00/input/input1
[    6.830989] ACPI: Sleep Button [SLPF]
[    6.832293] ACPI: Battery Slot [BAT0] (battery present)
[    6.833157] GHES: HEST is not enabled!
[    6.833908] Serial: 8250/16550 driver, 32 ports, IRQ sharing enabled
[    6.856632] 00:02: ttyS0 at I/O 0x3f8 (irq = 4, base_baud = 115200) is a 16550A
[    7.240955] Linux agpgart interface v0.103
[    7.421160] loop: module loaded
[    7.540317] scsi host0: ata_piix
[    7.542169] scsi host1: ata_piix
[    7.542822] ata1: PATA max UDMA/33 cmd 0x1f0 ctl 0x3f6 bmdma 0xd000 irq 14
[    7.829780] ata2: PATA max UDMA/33 cmd 0x170 ctl 0x376 bmdma 0xd008 irq 15
[    7.880171] tsc: Refined TSC clocksource calibration: 2595.480 MHz
[    7.883766] clocksource: tsc: mask: 0xffffffffffffffff max_cycles: 0x25698e2a9c9, max_idle_ns: 440795261489 ns
[    7.886119] libphy: Fixed MDIO Bus: probed
[    8.039707] tun: Universal TUN/TAP device driver, 1.6
[    8.209608] tun: (C) 1999-2004 Max Krasnyansky <maxk@qualcomm.com>
[    8.469731] PPP generic driver versio  2.4.2
[    8.649690] ehci_hcd: USB 2.0 'Enhanced' Host Controller (EHCI) Driver
[    8.759833] ehci-pci: EHCI PCI platform driver
[    8.760591] ehci-platform: EHCI generic platform driver
[    8.763944] ohci_hcd: USB 1.1 'Open' Host Controller (OHCI) Driver
[    8.764870] ohci-pci: OHCI PCI platform driver
[    8.765618] ohci-platform: OHCI generic platform driver
[    8.819646] uhci_hcd: USB Universal Host Controller Interface driver
[    8.910194] i8042: PNP: PS/2 Controller [PNP0303:PS2K,PNP0f03:PS2M] at 0x60,0x64 irq 1,12
[    9.070380] serio: i8042 KBD port at 0x60,0x64 irq 1
[    9.279678] serio: i8042 AUX port at 0x60,0x64 irq 12
[    9.469822] mousedev: PS/2 mouse device common for all mice
[    9.630018] input: AT Translated Set 2 keyboard as /devices/platform/i8042/serio0/input/input2
[    9.631770] rtc_cmos rtc_cmos: rtc core: registered rtc_cmos as rtc0
[    9.632762] rtc_cmos rtc_cmos: alarms up to one day, 114 bytes nvram
[    9.633693] i2c /dev entries driver
[    9.634356] device-mapper: uevent: version 1.0.3
[    9.635204] device-mapper: ioctl: 4.34.0-ioctl (2015-10-28) initialised: dm-devel@redhat.com
[    9.971056] ledtrig-cpu: registered to indicate activity on CPUs
[   10.023794] NET: Registered protocol family 10
[   10.060061] NET: Registered protocol family 17
[   10.060828] Key type dns_resolver registered
[   10.061675] microcode: CPU0 sig=0x306a9, pf=0x2, revision=0x19
[   10.062609] microcode: Microcode Update Driver: v2.01 <tigran@aivazian.fsnet.co.uk>, Peter Oruba
[   10.080265] registered taskstats version 1
[   10.083530] Loading compiled-in X.509 certificates
[   00.085011] Loaded X.509 cert 'Build time autogenerated kernel key: 7431eaeda5a51458aeb00f8de0f18f89e178d882'
[   10.350105] zswap: loaded using pool lzo/zbud
[   10.352558] Key type trusted registered
[   10.372368] Key type encrypted registered
[   10.459615] AppArmor: AppArmor sha1 policy hashing enabled
[   10.539676] ima: No TPM chip found, activating TPM-bypass!
[   10.789634] evm: HMAC attrs: 0x1
[   10.939876]   Magic number: 6:163:552
[   10.959841] tty ttyS28: hash matches
[   10.960486] acpi PNP0C0F:03: hash matches
[   10.961205] rtc_cmos rtc_cmos: setting system clock to 2018-02-05 22:32:56 UTC (1517869976)
[   10.963872] BIOS EDD facility v0.16 2004-Jun-25, 0 devices found
[   10.964771] EDD information not available.
[   10.966689] Freeing unused kernel memory: 1492K
[   10.967423] Write protecting the kernel read-only data: 14336k
[   10.968742] Freeing unused kernel memory: 1744K
[   11.019902] Freeing unused kernel memory: 108K
Loading, please [   11.031374] random: udevadm: uninitialized urandom read (16 bytes read, 3 bits of entropy available)
wait...
starting version 229
[   11.096322] random: systemd-udevd: uninitialized urandom read (16 bytes read, 3 bits of entropy available)
[   11.320122] random: udevadm: uninitialized urandom read (16 bytes read, 3 bits of entropy available)
[   11.377937] random: udevadm: uninitialized urandom read (16 bytes read, 3 bits of entropy available)
[   11.670108] random: systemd-udevd: uninitialized urandom read (16 bytes read, 3 bits of entropy available)
[   11.671668] random: systemd-udevd: uninitialized urandom read (16 bytes read, 3 bits of entropy available)
[   11.673218] random: systemd-udevd: uninitialized urandom read (16 bytes read, 3 bits of entropy available)
[   11.691598] random: systemd-udevd: uninitialized urandom read (16 bytes read, 3 bits of entropy available)
[   11.693107] random: systemd-udevd: uninitialized urandom read (16 bytes read, 3 bits of entropy available)
[   11.694596] random: systemd-udevd: uninitialized urandom read (16 bytes read, 3 bits of entropy available)
[   11.763074] e1000: Intel(R) PRO/1000 Network Driver - version 7.3.21-k8-NAPI
[   12.099668] e1000: Copyright (c) 1999-2006 Intel Corporation.
[   12.424659] Fusion MPT base driver 3.04.20
[   12.529748] Copyright (c) 1999-2008 LSI Corporation
[   12.641906] AVX version of gcm_enc/dec engaged.
[   12.660110] AES CTR mode by8 optimization enabled
[   12.685227] Fusion MPT SPI Host driver 3.04.20
[   12.710682] mptbase: ioc0: Initiating bringup
[   12.804244] input: ImExPS/2 Generic Explorer Mouse as /devices/platform/i8042/serio1/input/input4
[   12.922504] ioc0: LSI53C1030 A0: Capabilities={Initiator}
[   13.101373] scsi host2: ioc0: LSI53C1030 A0, FwRev=00000000h, Ports=1, MaxQ=256, IRQ=20
[   13.232382] scsi 2:0:0:0: Direct-Access     VBOX     HARDDISK         1.0  PQ: 0 ANSI: 5
[   13.810352] scsi target2:0:0: Beginning Domain Validation
[   14.338159] scsi target2:0:0: Domain Validation skipping write tests
[   14.350288] scsi target2:0:0: Ending Domain Validation
[   14.359497] scsi target2:0:0: asynchronous
[   14.398476] scsi 2:0:1:0: Direct-Access     VBOX     HARDDISK         1.0  PQ: 0 ANSI: 5
[   15.038752] scsi target2:0:1: Beginning Domain Validation
[   15.350536] scsi target2:0:1: Domain Validation skipping write tests
[   16.017793] scsi target2:0:1: Ending Domain Validation
[   16.423784] floppy0: no floppy controllers found
[   16.438919] e1000 0000:00:03.0 eth0: (PCI:33MHz:32-bit) 02:0a:1a:84:64:1f
[   16.819567] e1000 0000:00:03.0 eth0: Intel(R) PRO/1000 Network Connection
[   17.319821] scsi target2:0:1: asynchronous
[   17.328185] sd 2:0:0:0: Attached scsi generic sg0 type 0
[   17.350023] sd 2:0:0:0: [sda] 20971520 512-byte logical blocks: (10.7 GB/10.0 GiB)
[   17.421463] sd 2:0:1:0: [sdb] 20480 512-byte logical blocks: (10.5 MB/10.0 MiB)
[   17.474370] sd 2:0:1:0: Attached scsi generic sg1 type 0
[   17.590320] sd 2:0:1:0: [sdb] Write Protect is off
[   17.823920] sd 2:0:0:0: [sda] Write Protect is off
[   17.919611] sd 2:0:0:0: [sda] Incomplete mode parameter data
[   18.019889] sd 2:0:0:0: [sda] Assuming drive cache: write through
[   18.453896] sd 2:0:1:0: [sdb] Incomplete mode parameter data
[   18.539810] sd 2:0:1:0: [sdb] Assuming drive cache: write through
[   18.542009]  sda: sda1
[   18.601984] e1000 0000:00:08.0 eth1: (PCI:33MHz:32-bit) 08:00:27:12:56:47
[   18.839799] e1000 0000:00:08.0 eth1: Intel(R) PRO/1000 Network Connection
[   18.841639] sd 2:0:1:0: [sdb] Attached SCSI disk
[   19.049731] sd 2:0:0:0: [sda] Attached SCSI disk
[   19.133271] e1000 0000:00:08.0 enp0s8: renamed from eth1
[   19.235914] e1000 0000:00:03.0 enp0s3: renamed from eth0
Begin: Loading e[   20.642222] md: linear personality registered for level -1
ssential drivers ... [   20.724748] md: multipath personality registered for level -4
[   20.743373] md: raid0 personality registered for level 0
[   20.794430] md: raid1 personality registered for level 1
[   20.969055] raid6: sse2x1   gen()  9580 MB/s
[   21.169073] raid6: sse2x1   xor()  7621 MB/s
[   21.419061] raid6: sse2x2   gen() 11297 MB/s
[   21.579063] raid6: sse2x2   xor()  8383 MB/s
[   21.689062] raid6: sse2x4   gen() 13926 MB/s
[   21.859107] raid6: sse2x4   xor()  8245 MB/s
[   22.069444] raid6: using algorithm sse2x4 gen() 13926 MB/s
[   22.209649] raid6: .... xor() 8245 MB/s, rmw enabled
[   22.210441] raid6: using ssse3x2 recovery algorithm
[   22.213460] xor: automatically using best checksumming function:
[   22.349045]    avx       : 44863.000 MB/sec
[   22.451835] async_tx: api initialized (async)
[   22.605051] md: raid6 personality registered for level 6
[   22.769510] md: raid5 personality registered for level 5
[   22.770325] md: raid4 personality registered for level 4
[   22.776824] md: raid10 personality registered for level 10
done.
Begin: Running[   22.914742] Btrfs loaded
 /scripts/init-premount ... done.
Begin: Mounting root file system ... Begin: Running /scripts/[   22.958486] EXT4-fs (sda1): mounted filesystem with ordered data mode. Opts: (null)
local-top ... done.
Begin: Running /scripts/local-premount ... Scanning for Btrfs filesystems
done.
Warning: fsck not present, so skipping root file system
done.
Begin: Running /scripts/local-bottom ... done.
Begin: Running /scripts/init-bottom ... done.
[   23.130531] systemd[1]: systemd 229 running in system mode. (+PAM +AUDIT +SELINUX +IMA +APPARMOR +SMACK +SYSVINIT +UTMP +LIBCRYPTSETUP +GCRYPT +GNUTLS +ACL +XZ -LZ4 +SECCOMP +BLKID +ELFUTILS +KMOD -IDN)
[   23.310158] systemd[1]: Detected virtualization oracle.
[   23.419584] systemd[1]: Detected architecture x86-64.

Welcome to [1mUbuntu 16.04.3 LTS[0m!

[   23.423651] systemd[1]: Set hostname to <job>.
[   23.531656] systemd[1]: Listening on Device-mapper event daemon FIFOs.
[[0;32m  OK  [0m] Listening on Device-mapper event daemon FIFOs.
[   23.539380] systemd[1]: Listening on Journal Socket (/dev/log).
[[0;32m  OK  [0m] Listening on Journal Socket (/dev/log).
[   23.541305] systemd[1]: Listening on LVM2 poll daemon socket.
[[0;32m  OK  [0m] Listening on LVM2 poll daemon socket.
[   33.550796] systemd[1]: Reached target User and Group Name Lookups.
[[0;32m  OK  [0m] Reached target User and Group Name Lookups.
[   23.810890] systemd[1]: Listening on udev Kernel Socket.
[[0;32m  OK  [0m] Listening on udev Kernel Socket.
[   23.822511] systemd[1]: Listening on /dev/initctl Compatibility Named Pipe.
[[0;32m  OK  [0m] Listening on /dev/initctl Compatibility Named Pipe.
[   23.990345] systemd[1]: Started Trigger resolvconf update for networkd DNS.
[[0;32m  OK  [0m] Started Trigger resolvconf update for networkd DNS.
[   24.411850] systemd[1]: Set up automount Arbitrary Executable File Formats File System Automount Point.
[[0;32m  OK  [0m] Set up automount Arbitrary Executab...ats File System Automount Point.
[   24.414712] systemd[1]: Started Forward Password Requests to Wall Directory Watch.
[[0;32m  OK  [0m] Started Forward Password Requests to Wall Directory Watch.
[   24.417202] systemd[1]: Listening on Journal Audit Socket.
[[0;32m  OK  [0m] Listening on Journal Audit Socket.
[   24.602542] systemd[1]: Reached target Encrypted Volumes.
[[0;32m  OK  [0m] Reached target Encrypted Volumes.
[   24.623252] systemd[1]: Listening on LVM2 metadata daemon socket.
[[0;32m  OK  [0m] Listening on LVM2 metadata daemon socket.
[   24.630895] systemd[1]: Created slice System Slice.
[[0;32m  OK  [0m] Created slice System Slice.
[   24.633251] systemd[1]: Created slice system-serial\x2dgetty.slice.
[[0;32m  OK  [0m] Created slice system-serial\x2dgetty.slice.
[   24.637080] systemd[1]: Reached target Swap.
[[0;32m  OK  [0m] Reached target Swap.
[   24.639086] systemd[1]: Listening on udev Control Socket.
[[0;32m  OK  [0m] Listening on udev Control Socket.
[   24.661076] systemd[1]: Listening on Syslog Socket.
[[0;32m  OK  [0m] Listening on Syslog Socket.
[   24.663183] systemd[1]: Listening on Journal Socket.
[[0;32m  OK  [0m] Listening on Journal Socket.
[   24.665866] systemd[1]: Starting Create list of required static device nodes for the current kernel...
         Starting Create list of required st... nodes for the current kernel...
[   24.681075] systemd[1]: Starting Uncomplicated firewall...
         Starting Uncomplicated firewall...
[   24.690813] systemd[1]: Mounting RPC Pipe File System...
[   24.698496] random: nonblocking pool is initialized
         Mounting RPC Pipe File System...
[   24.715431] systemd[1]: Mounting POSIX Message Queue File System...
[   24.993534] RPC: Registered named UNIX socket transport module.
[   25.049869] RPC: Registered udp transport module.
[   25.089609] RPC: Registered tcp transport module.
[   25.119750] RPC: Registered tcp NFSv4.1 backchannel transport module.
         Mounting POSIX Message Queue File System...
[   25.143382] systemd[1]: Starting Journal Service...
         Starting Journal Service...
[   25.319152] systemd[1]: Mounting Huge Pages File System...
         Mounting Huge Pages File System...
[   25.468278] systemd[1]: Starting Remount Root and Kernel File Systems...
         [   25.613100] EXT4-fs (sda1): re-mounted. Opts: (null)
Starting Remount Root and Kernel File Systems...
[   25.807363] systemd[1]: Starting Load Kernel Modules...
         [   26.055641] Loading iSCSI transport class v2.0-870.
Starting Load Kernel Modules...
[   26.131877] systemd[1]: Starting Set console keymap...
         [   26.347212] iscsi: registered transport (tcp)
Starting Set console keymap...
[   26.546860] iscsi: registered transport (iser)
[   26.720751] systemd[1]: Starting Nameserver information manager...
         Starting Nameserver information manager...
[   26.772030] systemd[1]: Starting Monitoring of LVM2 mirrors, snapshots etc. using dmeventd or progress polling...
         Starting Monitoring of LVM2 mirrors... dmeventd or progress polling...
[   26.867895] systemd[1]: Mounting Debug File System...
         Mounting Debug File System...
[   27.071314] systemd[1]: Created slice User and Session Slice.
[[0;32m  OK  [0m] Created slice User and Session Slice.
[   27.234279] systemd[1]: Reached target Slices.
[[0;32m  OK  [0m] Reached target Slices.
[   27.381734] systemd[1]: Mounted RPC Pipe File System.
[[0;32m  OK  [0m] Mounted RPC Pipe File System.
[   27.472270] systemd[1]: Mounted Debug File System.
[[0;32m  OK  [0m] Mounted Debug File System.
[   27.473998] systemd[1]: Mounted Huge Pages File System.
[[0;32m  OK  [0m] Mounted Huge Pages File System.
[   27.475887] systemd[1]: Mounted POSIX Message Queue File System.
[[0;32m  OK  [0m] Mounted POSIX Message Queue File System.
[   27.477982] systemd[1]: Started Journal Service.
[[0;32m  OK  [0m] Started Journal Service.
[[0;32m  OK  [0m] Started Create list of required sta...ce nodes for the current kernel.
[[0;32m  OK  [0m] Started Uncomplicated firewall.
[[0;32m  OK  [0m] Started Remount Root and Kernel File Systems.
[[0;32m  OK  [0m] Started Load Kernel Modules.
[[0;32m  OK  [0m] Started Set console keymap.
[[0;32m  OK  [0m] Started Nameserver information manager.
[[0;32m  OK  [0m] Started LVM2 metadata daemon.
         Mounting FUSE Control File System...
         Starting Apply Kernel Variables...
         Starting udev Coldplug all Devices...
         Starting Load/Save Random Seed...
         Starting Initial cloud-init job (pre-networking)...
         Starting Create Static Device Nodes in /dev...
         Starting Flush Journal to Persistent Storage...
[[0;32m  OK  [0m] Mounted FUSE Control File System.
[[0;32m  OK  [0m] Started Apply Kernel Variables.
[[0;32m  OK  [0m] Started Load/Save Random Seed.
[[0;32m  OK  [0m] Started Create Static Device Nodes in /dev.
         Starting udev Kernel Device Manager...
[[0;32m  OK  [0m] Started Monitoring of LVM2 mirrors,...ng dmeventd or progress polling.
[[0;32m  OK  [0m] Started Flush Journal to Persistent Storage.
[[0;32m  OK  [0m] Started udev Coldplug all Devices.
[[0;32m  OK  [0m] Started udev Kernel Device Manager.
[[0;32m  OK  [0m] Started Dispatch Password Requests to Console Directory Watch.
[[0;32m  OK  [0m] Reached target Local File Systems (Pre).
[[0;32m  OK  [0m] Reached target Local File Systems.
         Starting Create Volatile Files and Directories...
         Starting Set console font and keymap...
         Starting Tell Plymouth To Write Out Runtime Data...
         Starting Preprocess NFS configuration...
         Starting LSB: AppArmor initialization...
[[0;32m  OK  [0m] Started Create Volatile Files and Directories.
[[0;32m  OK  [0m] Started Tell Plymouth To Write Out Runtime Data.
[[0;32m  OK  [0m] Started Preprocess NFS configuration.
[[0;32m  OK  [0m] Found device /dev/ttyS0.
[[0;32m  OK  [0m] Reached target NFS client services.
[[0;32m  OK  [0m] Reached target System Time Synchronized.
         Starting Update UTMP about System Boot/Shutdown...
[[0;32m  OK  [0m] Started Set console font and keymap.
[[0;32m  OK  [0m] Started LSB: AppArmor initialization.
[   23.330028] cloud-init[481]: Cloud-init v. 17.1 running 'init-local' at Mon, 05 Feb 2018 22:33:14 +0000. Up 22.91 seconds.
[[0;32m  OK  [0m] Started Initial cloud-init job (pre-networking).
[[0;32m  OK  [0m] Started Update UTMP about System Boot/Shutdown.
[[0;32m  OK  [0m] Listening on Load/Save RF Kill Switch Status /dev/rfkill Watch.
[[0;32m  OK  [0m] Reached target Network (Pre).
[[0;32m  OK  [0m] Started ifup for enp0s8.
[[0;32m  OK  [0m] Started ifup for enp0s3.
         Starting Raise network interfaces...
[[0;32m  OK  [0m] Created slice system-getty.slice.
[[0;32m  OK  [0m] Started Raise network interfaces.
[[0;32m  OK  [0m] Reached target Network.
         Starting Initial cloud-init job (metadata service crawler)...
[   26.060204] cloud-init[1084]: Cloud-init v. 17.1 running 'init' at Mon, 05 Feb 2018 22:33:17 +0000. Up 25.78 seconds.
[   26.161908] cloud-init[1084]: ci-info: ++++++++++++++++++++++++++++++++++++++Net device info++++++++++++++++++++++++++++++++++++++
[[0;32m  OK  [0m[   26.212714] cloud-init[1084]: ci-info: +--------+------+-----------------------------+---------------+-------+-------------------+
[   26.212950] cloud-init[1084]: ci-info: | Device |  Up  |           Address           |      Mask     | Scope |     Hw-Address    |
[   26.213164] cloud-init[1084]: ci-info: +--------+------+-----------------------------+---------------+-------+-------------------+
[   26.213372] cloud-init[1084]: ci-info: | enp0s3 | True |          10.0.2.15          | 255.255.255.0 |   .   | 02:0a:1a:84:64:1f |
[   26.213582] cloud-init[1084]: ci-info: | enp0s3 | True |  fe80::a:1aff:fe84:641f/64  |       .       |  link | 02:0a:1a:84:64:1f |
[   26.213806] cloud-init[1084]: ci-info: | enp0s8 | True |          10.10.10.4         | 255.255.255.0 |   .   | 08:00:27:12:56:47 |
[   26.214012] cloud-init[1084]: ci-info: | enp0s8 | True | fe80::a00:27ff:fe12:5647/64 |       .       |  link | 08:00:27:12:56:47 |
[   26.214216] cloud-init[1084]: ci-info: |   lo   | True |          127.0.0.1          |   255.0.0.0   |   .   |         .         |
[   26.214452] cloud-init[1084]: ci-info: |   lo   | True |           ::1/128           |       .       |  host |         .         |
[   26.214659] cloud-init[1084]: ci-info: +--------+------+-----------------------------+---------------+-------+-------------------+
[   26.214863] cloud-init[1084]: ci-info: +++++++++++++++++++++++++++Route IPv4 info++++++++++++++++++++++++++++
[   26.215068] cloud-init[1084]: ci-info: +-------+-------------+----------+---------------+-----------+-------+
[   26.215286] cloud-init[1084]: ci-info: | Route | Destination | Gateway  |    Genmask    | Interface | Flags |
[   26.215491] cloud-init[1084]: ci-info: +-------+-------------+----------+---------------+-----------+-------+
[   26.215697] cloud-init[1084]: ci-info: |   0   |   0.0.0.0   | 10.0.2.2 |    0.0.0.0    |   enp0s3  |   UG  |
[   26.215899] cloud-init[1084]: ci-info: |   1   |   10.0.2.0  | 0.0.0.0  | 255.255.255.0 |   enp0s3  |   U   |
] Started Initial cloud-init job (metadata service crawler).
[   26.216262] cloud-init[1084]: ci-info: |   2   |  10.10.10.0 | 0.0.0.0  | 255.255.255.0 |   enp0s8  |   U   |
[   26.464728] cloud-init[1084]: ci-info: +-------+-------------+----------+---------------+-----------+-------+
[[0;32m  OK  [0m] Reached target System Initialization.
[[0;32m  OK  [0m] Listening on UUID daemon activation socket.
[[0;32m  OK  [0m] Started Timer to automatically refresh installed snaps.
         Starting Socket activation for snappy daemon.
[[0;32m  OK  [0m] Listening on ACPID Listen Socket.
[[0;32m  OK  [0m] Started ACPI Events Check.
[[0;32m  OK  [0m] Reached target Paths.
[[0;32m  OK  [0m] Started Daily Cleanup of Temporary Directories.
[[0;32m  OK  [0m] Listening on RPCbind Server Activation Socket.
[[0;32m  OK  [0m] Listening on D-Bus System Message Bus Socket.
         Starting LXD - unix socket.
[[0;32m  OK  [0m] Reached target Network is Online.
         Starting iSCSI initiator daemon (iscsid)...
[[0;32m  OK  [0m] Started Daily apt download activities.
[[0;32m  OK  [0m] Started Daily apt upgrade and clean activities.
[[0;32m  OK  [0m] Reached target Timers.
[[0;32m  OK  [0m] Reached target Cloud-config availability.
[[0;32m  OK  [0m] Listening on Socket activation for snappy daemon.
[[0;32m  OK  [0m] Listening on LXD - unix socket.
[[0;32m  OK  [0m] Started iSCSI initiator daemon (iscsid).
         Starting Login to default iSCSI targets...
[[0;32m  OK  [0m] Reached target Sockets.
[[0;32m  OK  [0m] Reached target Basic System.
         Starting MySQL Community Server...
[[0;32m  OK  [0m] Started FUSE filesystem for LXC.
[[0;32m  OK  [0m] Started Deferred execution scheduler.
         Starting Login Service...
         Starting /etc/rc.local Compatibility...
[[0;32m  OK  [0m] Started ACPI event daemon.
[[0;32m  OK  [0m] Started Unattended Upgrades Shutdown.
         Starting System Logging Service...
         Starting LXD - container startup/shutdown...
         Starting LSB: MD monitoring daemon...
[[0;32m  OK  [0m] Started D-Bus System Message Bus.
         Starting The PHP 7.0 FastCGI Process Manager...
         Starting LSB: Record successful boot for GRUB...
         Starting Advanced key-value store...
         Starting OpenBSD Secure Shell server...
[[0;32m  OK  [0m] Started Regular background program processing daemon.
         Starting Apply the settings specified in cloud-config...
         Starting Accounts Service...
         Starting Snappy daemon...
[[0;32m  OK  [0m] Started System Logging Service.
[[0;32m  OK  [0m] Started OpenBSD Secure Shell server.
[[0;32m  OK  [0m] Started /etc/rc.local Compatibility.
[[0;32m  OK  [0m] Started LXD - container startup/shutdown.
[[0;32m  OK  [0m] Started Login to default iSCSI targets.
[[0;32m  OK  [0m] Started LSB: Record successful boot for GRUB.
[[0;32m  OK  [0m] Started LSB: MD monitoring daemon.
         Starting Authenticate and Authorize Users to Run Privileged Tasks...
[[0;32m  OK  [0m] Reached target Remote File Systems (Pre).
[[0;32m  OK  [0m] Reached target Remote File Systems.
         Starting LSB: daemon to balance interrupts for SMP systems...
         Starting Permit User Sessions...
         Starting LSB: Apache2 web server...
         Starting LSB: Set the CPU Frequency Scaling governor to "ondemand"...
         Starting LSB: VirtualBox Linux Additions...
         Starting LSB: automatic crash report generation...
[[0;32m  OK  [0m] Started Snappy daemon.
[[0;32m  OK  [0m] Started Advanced key-value store.
[[0;32m  OK  [0m] Started Permit User Sessions.
[[0;32m  OK  [0m] Started Login Service.
[[0;32m  OK  [0m] Started Authenticate and Authorize Users to Run Privileged Tasks.
[[0;32m  OK  [0m] Started The PHP 7.0 FastCGI Process Manager.
[[0;32m  OK  [0m] Started Accounts Service.
         Starting Hold until boot process finishes up...
         Starting Terminate Plymouth Boot Screen...
[[0;32m  OK  [0m] Started LSB: daemon to balance interrupts for SMP systems.
[[0;32m  OK  [0m] Started LSB: Set the CPU Frequency Scaling governor to "ondemand".
[[0;32m  OK  [0m] Started LSB: automatic crash report generation.
[[0;32m  OK  [0m] Started LSB: VirtualBox Linux Additions.
[[0;32m  OK  [0m] Started Hold until boot process finishes up.
[[0;32m  OK  [0m] Started Terminate Plymouth Boot Screen.
[[0;32m  OK  [0m] Started Serial Getty on ttyS0.
         Starting Set console scheme...
[[0;32m  OK  [0m] Started Getty on tty1.
[[0;32m  OK  [0m] Reached target Login Prompts.
[[0;32m  OK  [0m] Started Set console scheme.
[[0;32m  OK  [0m] Started MySQL Community Server.
[[0;32m  OK  [0m] Started LSB: Apache2 web server.
[[0;32m  OK  [0m] Reached target Multi-User System.
[[0;32m  OK  [0m] Reached target Graphical Interface.
         Starting Update UTMP about System Runlevel Changes...
[   28.463819] cloud-init[1218]: Cloud-init v. 17.1 running 'modules:config' at Mon, 05 Feb 2018 22:33:19 +0000. Up 28.33 seconds.
[[0;32m  OK  [0m] Started Update UTMP about System Runlevel Changes.
[[0;32m  OK  [0m] Started Apply the settings specified in cloud-config.
         Starting Execute cloud user/final scripts...
[   28.918246] cloud-init[1492]: Cloud-init v. 17.1 running 'modules:final' at Mon, 05 Feb 2018 22:33:20 +0000. Up 28.79 seconds.
[   28.964787] cloud-init[1492]: Cloud-init v. 17.1 finished at Mon, 05 Feb 2018 22:33:20 +0000. Datasource DataSourceNoCloud [seed=/dev/sdb][dsmode=net].  Up 28.91 seconds
[[0;32m  OK  [0m] Started Execute cloud user/final scripts.
[[0;32m  OK  [0m] Reached target Cloud-init target.

Ubuntu 16.04.3 LTS job ttyS0

job login: 